[0m[[0minfo[0m] [0m[32mLab5Spec:[0m[0m
[0m[[0minfo[0m] [0m[32mmapFirstDoWith[0m[0m
[0m[[0minfo[0m] [0m[32m- should map the first element where f returns Some[0m[0m
[0m[[0minfo[0m] [0m[32mDoNeg[0m[0m
[0m[[0minfo[0m] [0m[32m- should negate values[0m[0m
[0m[[0minfo[0m] [0m[32mDoSeq[0m[0m
[0m[[0minfo[0m] [0m[32m- should produce second element in sequence[0m[0m
[0m[[0minfo[0m] [0m[32mDoGetField[0m[0m
[0m[[0minfo[0m] [0m[31m- should access a field from an object in memory *** FAILED ***[0m[0m
[0m[[0minfo[0m] [0m[31m  java.lang.UnsupportedOperationException:[0m[0m
[0m[[0minfo[0m] [0m[31m  at Lab5$.step(Lab5.scala:354)[0m[0m
[0m[[0minfo[0m] [0m[31m  at Lab5Spec$$anonfun$4.apply$mcV$sp(Lab5Spec.scala:37)[0m[0m
[0m[[0minfo[0m] [0m[31m  at Lab5Spec$$anonfun$4.apply(Lab5Spec.scala:35)[0m[0m
[0m[[0minfo[0m] [0m[31m  at Lab5Spec$$anonfun$4.apply(Lab5Spec.scala:35)[0m[0m
[0m[[0minfo[0m] [0m[31m  at org.scalatest.Transformer$$anonfun$apply$1.apply(Transformer.scala:22)[0m[0m
[0m[[0minfo[0m] [0m[31m  at org.scalatest.Transformer$$anonfun$apply$1.apply(Transformer.scala:22)[0m[0m
[0m[[0minfo[0m] [0m[31m  at org.scalatest.OutcomeOf$class.outcomeOf(OutcomeOf.scala:85)[0m[0m
[0m[[0minfo[0m] [0m[31m  at org.scalatest.OutcomeOf$.outcomeOf(OutcomeOf.scala:104)[0m[0m
[0m[[0minfo[0m] [0m[31m  at org.scalatest.Transformer.apply(Transformer.scala:22)[0m[0m
[0m[[0minfo[0m] [0m[31m  at org.scalatest.Transformer.apply(Transformer.scala:20)[0m[0m
[0m[[0minfo[0m] [0m[31m  ...[0m[0m
[0m[[0minfo[0m] [0m[32mDoVar[0m[0m
[0m[[0minfo[0m] [0m[31m- should declare a variable *** FAILED ***[0m[0m
[0m[[0minfo[0m] [0m[31m  java.lang.UnsupportedOperationException:[0m[0m
[0m[[0minfo[0m] [0m[31m  at Lab5$.step(Lab5.scala:371)[0m[0m
[0m[[0minfo[0m] [0m[31m  at Lab5Spec$$anonfun$5.apply$mcV$sp(Lab5Spec.scala:46)[0m[0m
[0m[[0minfo[0m] [0m[31m  at Lab5Spec$$anonfun$5.apply(Lab5Spec.scala:44)[0m[0m
[0m[[0minfo[0m] [0m[31m  at Lab5Spec$$anonfun$5.apply(Lab5Spec.scala:44)[0m[0m
[0m[[0minfo[0m] [0m[31m  at org.scalatest.Transformer$$anonfun$apply$1.apply(Transformer.scala:22)[0m[0m
[0m[[0minfo[0m] [0m[31m  at org.scalatest.Transformer$$anonfun$apply$1.apply(Transformer.scala:22)[0m[0m
[0m[[0minfo[0m] [0m[31m  at org.scalatest.OutcomeOf$class.outcomeOf(OutcomeOf.scala:85)[0m[0m
[0m[[0minfo[0m] [0m[31m  at org.scalatest.OutcomeOf$.outcomeOf(OutcomeOf.scala:104)[0m[0m
[0m[[0minfo[0m] [0m[31m  at org.scalatest.Transformer.apply(Transformer.scala:22)[0m[0m
[0m[[0minfo[0m] [0m[31m  at org.scalatest.Transformer.apply(Transformer.scala:20)[0m[0m
[0m[[0minfo[0m] [0m[31m  ...[0m[0m
[0m[[0minfo[0m] [0m[32mSearchCall1[0m[0m
[0m[[0minfo[0m] [0m[31m- should step its function *** FAILED ***[0m[0m
[0m[[0minfo[0m] [0m[31m  jsy.lab5.ast$StuckError:[0m[0m
[0m[[0minfo[0m] [0m[31m  at Lab5$.step(Lab5.scala:402)[0m[0m
[0m[[0minfo[0m] [0m[31m  at Lab5Spec$$anonfun$6.apply$mcV$sp(Lab5Spec.scala:58)[0m[0m
[0m[[0minfo[0m] [0m[31m  at Lab5Spec$$anonfun$6.apply(Lab5Spec.scala:55)[0m[0m
[0m[[0minfo[0m] [0m[31m  at Lab5Spec$$anonfun$6.apply(Lab5Spec.scala:55)[0m[0m
[0m[[0minfo[0m] [0m[31m  at org.scalatest.Transformer$$anonfun$apply$1.apply(Transformer.scala:22)[0m[0m
[0m[[0minfo[0m] [0m[31m  at org.scalatest.Transformer$$anonfun$apply$1.apply(Transformer.scala:22)[0m[0m
[0m[[0minfo[0m] [0m[31m  at org.scalatest.OutcomeOf$class.outcomeOf(OutcomeOf.scala:85)[0m[0m
[0m[[0minfo[0m] [0m[31m  at org.scalatest.OutcomeOf$.outcomeOf(OutcomeOf.scala:104)[0m[0m
[0m[[0minfo[0m] [0m[31m  at org.scalatest.Transformer.apply(Transformer.scala:22)[0m[0m
[0m[[0minfo[0m] [0m[31m  at org.scalatest.Transformer.apply(Transformer.scala:20)[0m[0m
[0m[[0minfo[0m] [0m[31m  ...[0m[0m
